<?xml version="1.0" encoding="UTF-8"?>
<!-- Generated by org.testng.reporters.JUnitXMLReporter -->
<testsuite ignored="0" hostname="DESKTOP-P33KVPF" failures="3" tests="3" name="HrmTest2" time="23.37" errors="0" timestamp="2023-09-18T01:12:57 IST">
  <testcase classname="com.hrm.testcases.TC_006_DataDrivenTestingFor3FailedAttempts" name="verifyLoginWithThreeWrongAttempts" time="2.073">
    <failure type="java.lang.AssertionError" message="The following asserts failed:
	expected [true] but found [false]">
      <![CDATA[java.lang.AssertionError: The following asserts failed:
expected [true] but found [false]
at com.hrm.testcases.TC_006_DataDrivenTestingFor3FailedAttempts.verifyLoginWithThreeWrongAttempts(TC_006_DataDrivenTestingFor3FailedAttempts.java:46)
at java.base/java.util.ArrayList.forEach(ArrayList.java:1511)
... Removed 27 stack frames]]>
    </failure>
  </testcase> <!-- verifyLoginWithThreeWrongAttempts -->
  <testcase classname="com.hrm.testcases.TC_006_DataDrivenTestingFor3FailedAttempts" name="verifyLoginWithThreeWrongAttempts" time="1.799">
    <failure type="java.lang.AssertionError" message="The following asserts failed:
	expected [true] but found [false],
	expected [true] but found [false]">
      <![CDATA[java.lang.AssertionError: The following asserts failed:
expected [true] but found [false],
expected [true] but found [false]
at com.hrm.testcases.TC_006_DataDrivenTestingFor3FailedAttempts.verifyLoginWithThreeWrongAttempts(TC_006_DataDrivenTestingFor3FailedAttempts.java:46)
at java.base/java.util.ArrayList.forEach(ArrayList.java:1511)
... Removed 27 stack frames]]>
    </failure>
  </testcase> <!-- verifyLoginWithThreeWrongAttempts -->
  <testcase classname="com.hrm.testcases.TC_006_DataDrivenTestingFor3FailedAttempts" name="verifyLoginWithThreeWrongAttempts" time="1.796">
    <failure type="java.lang.AssertionError" message="The following asserts failed:
	expected [true] but found [false],
	expected [true] but found [false],
	expected [true] but found [false]">
      <![CDATA[java.lang.AssertionError: The following asserts failed:
expected [true] but found [false],
expected [true] but found [false],
expected [true] but found [false]
at com.hrm.testcases.TC_006_DataDrivenTestingFor3FailedAttempts.verifyLoginWithThreeWrongAttempts(TC_006_DataDrivenTestingFor3FailedAttempts.java:46)
at java.base/java.util.ArrayList.forEach(ArrayList.java:1511)
... Removed 27 stack frames]]>
    </failure>
  </testcase> <!-- verifyLoginWithThreeWrongAttempts -->
</testsuite> <!-- HrmTest2 -->
