<?xml version="1.0" encoding="UTF-8"?>
<!-- Generated by org.testng.reporters.JUnitXMLReporter -->
<testsuite ignored="0" hostname="DESKTOP-P33KVPF" failures="11" tests="26" name="HrmTest1" time="1043.73" errors="0" timestamp="2023-09-18T01:12:33 IST">
  <testcase classname="com.hrm.testcases.TC_001_VerifyHomePage" name="compareHomePageScreenshot" time="14.768">
    <failure type="java.lang.AssertionError" message="The following asserts failed:
	expected [false] but found [true]">
      <![CDATA[java.lang.AssertionError: The following asserts failed:
expected [false] but found [true]
at com.hrm.testcases.TC_001_VerifyHomePage.compareHomePageScreenshot(TC_001_VerifyHomePage.java:39)
at java.base/java.util.ArrayList.forEach(ArrayList.java:1511)
... Removed 27 stack frames]]>
    </failure>
  </testcase> <!-- compareHomePageScreenshot -->
  <testcase classname="com.hrm.testcases.TC_002_VerifyHomeLoginWithCredentials" name="invalidPasswordAttempt" time="7.034"/>
  <testcase classname="com.hrm.testcases.TC_002_VerifyHomeLoginWithCredentials" name="validPasswordAttempt" time="16.01">
    <failure type="java.lang.AssertionError" message="The following asserts failed:
	expected [true] but found [false]">
      <![CDATA[java.lang.AssertionError: The following asserts failed:
expected [true] but found [false]
at com.hrm.testcases.TC_002_VerifyHomeLoginWithCredentials.validPasswordAttempt(TC_002_VerifyHomeLoginWithCredentials.java:83)
at java.base/java.util.ArrayList.forEach(ArrayList.java:1511)
... Removed 27 stack frames]]>
    </failure>
  </testcase> <!-- validPasswordAttempt -->
  <testcase classname="com.hrm.testcases.TC_003_VerifyAdminModule" name="deleteUser" time="31.948"/>
  <testcase classname="com.hrm.testcases.TC_003_VerifyAdminModule" name="verifyAdminPageContents" time="8.816"/>
  <testcase classname="com.hrm.testcases.TC_003_VerifyAdminModule" name="verifyResultsForStatusEnabled" time="20.991"/>
  <testcase classname="com.hrm.testcases.TC_003_VerifyAdminModule" name="verifyResultsForStatusDisabled" time="27.039"/>
  <testcase classname="com.hrm.testcases.TC_003_VerifyAdminModule" name="verifyResultsForUserRoleESS" time="18.175"/>
  <testcase classname="com.hrm.testcases.TC_003_VerifyAdminModule" name="verifyResultsForUserRoleAdmin" time="15.295"/>
  <testcase classname="com.hrm.testcases.TC_003_VerifyAdminModule" name="verifyUserRoleOptions" time="7.946"/>
  <testcase classname="com.hrm.testcases.TC_003_VerifyAdminModule" name="verifyStatusAfterAddingNewUser" time="21.633"/>
  <testcase classname="com.hrm.testcases.TC_003_VerifyAdminModule" name="verifySearchResultWithExistingUsername" time="10.798"/>
  <testcase classname="com.hrm.testcases.TC_003_VerifyAdminModule" name="verifyExistingEmployeeNameRecords" time="18.572"/>
  <testcase classname="com.hrm.testcases.TC_003_VerifyAdminModule" name="verifyNonExistingEmployeeNameRecords" time="11.923">
    <failure type="java.lang.AssertionError" message="The following asserts failed:
	expected [true] but found [false]">
      <![CDATA[java.lang.AssertionError: The following asserts failed:
expected [true] but found [false]
at com.hrm.testcases.TC_003_VerifyAdminModule.verifyNonExistingEmployeeNameRecords(TC_003_VerifyAdminModule.java:299)
at java.base/java.util.ArrayList.forEach(ArrayList.java:1511)
... Removed 27 stack frames]]>
    </failure>
  </testcase> <!-- verifyNonExistingEmployeeNameRecords -->
  <testcase classname="com.hrm.testcases.TC_003_VerifyAdminModule" name="verifyStatusContentsInDropDown" time="11.523"/>
  <testcase classname="com.hrm.testcases.TC_003_VerifyAdminModule" name="compareAddUserScreenshot" time="17.248">
    <failure type="java.lang.AssertionError" message="The following asserts failed:
	expected [true] but found [false],
	expected [true] but found [false]">
      <![CDATA[java.lang.AssertionError: The following asserts failed:
expected [true] but found [false],
expected [true] but found [false]
at com.hrm.testcases.TC_003_VerifyAdminModule.compareAddUserScreenshot(TC_003_VerifyAdminModule.java:471)
at java.base/java.util.ArrayList.forEach(ArrayList.java:1511)
... Removed 27 stack frames]]>
    </failure>
  </testcase> <!-- compareAddUserScreenshot -->
  <testcase classname="com.hrm.testcases.TC_003_VerifyAdminModule" name="verifyByAddingNewDuplicateUsername" time="36.608">
    <failure type="java.lang.AssertionError" message="The following asserts failed:
	expected [true] but found [false],
	expected [true] but found [false],
	expected [true] but found [false]">
      <![CDATA[java.lang.AssertionError: The following asserts failed:
expected [true] but found [false],
expected [true] but found [false],
expected [true] but found [false]
at com.hrm.testcases.TC_003_VerifyAdminModule.verifyByAddingNewDuplicateUsername(TC_003_VerifyAdminModule.java:594)
at java.base/java.util.ArrayList.forEach(ArrayList.java:1511)
... Removed 27 stack frames]]>
    </failure>
  </testcase> <!-- verifyByAddingNewDuplicateUsername -->
  <testcase classname="com.hrm.testcases.TC_004_FieldLevelValidations" name="validatingAddUserWhenEmployeeNameFieldIsEmpty" time="24.266">
    <failure type="java.lang.AssertionError" message="The following asserts failed:
	expected [true] but found [false]">
      <![CDATA[java.lang.AssertionError: The following asserts failed:
expected [true] but found [false]
at com.hrm.testcases.TC_004_FieldLevelValidations.validatingAddUserWhenEmployeeNameFieldIsEmpty(TC_004_FieldLevelValidations.java:103)
at java.base/java.util.ArrayList.forEach(ArrayList.java:1511)
... Removed 27 stack frames]]>
    </failure>
  </testcase> <!-- validatingAddUserWhenEmployeeNameFieldIsEmpty -->
  <testcase classname="com.hrm.testcases.TC_004_FieldLevelValidations" name="validatingAddUserWhenEmployeeNameFieldValuesAreLessThanMinimum" time="22.671">
    <failure type="java.lang.AssertionError" message="The following asserts failed:
	expected [true] but found [false],
	expected [true] but found [false]">
      <![CDATA[java.lang.AssertionError: The following asserts failed:
expected [true] but found [false],
expected [true] but found [false]
at com.hrm.testcases.TC_004_FieldLevelValidations.validatingAddUserWhenEmployeeNameFieldValuesAreLessThanMinimum(TC_004_FieldLevelValidations.java:157)
at java.base/java.util.ArrayList.forEach(ArrayList.java:1511)
... Removed 27 stack frames]]>
    </failure>
  </testcase> <!-- validatingAddUserWhenEmployeeNameFieldValuesAreLessThanMinimum -->
  <testcase classname="com.hrm.testcases.TC_004_FieldLevelValidations" name="validatingAddUserWhenUserameFieldIsEmpty" time="19.829">
    <failure type="java.lang.AssertionError" message="The following asserts failed:
	expected [true] but found [false],
	expected [true] but found [false],
	expected [true] but found [false]">
      <![CDATA[java.lang.AssertionError: The following asserts failed:
expected [true] but found [false],
expected [true] but found [false],
expected [true] but found [false]
at com.hrm.testcases.TC_004_FieldLevelValidations.validatingAddUserWhenUserameFieldIsEmpty(TC_004_FieldLevelValidations.java:207)
at java.base/java.util.ArrayList.forEach(ArrayList.java:1511)
... Removed 27 stack frames]]>
    </failure>
  </testcase> <!-- validatingAddUserWhenUserameFieldIsEmpty -->
  <testcase classname="com.hrm.testcases.TC_004_FieldLevelValidations" name="verfyAddUserUsernameFieldForOnlyAlphaNumeric" time="23.614">
    <failure type="java.lang.AssertionError" message="The following asserts failed:
	expected [true] but found [false],
	expected [true] but found [false],
	expected [true] but found [false],
	expected [true] but found [false]">
      <![CDATA[java.lang.AssertionError: The following asserts failed:
expected [true] but found [false],
expected [true] but found [false],
expected [true] but found [false],
expected [true] but found [false]
at com.hrm.testcases.TC_004_FieldLevelValidations.verfyAddUserUsernameFieldForOnlyAlphaNumeric(TC_004_FieldLevelValidations.java:333)
at java.base/java.util.ArrayList.forEach(ArrayList.java:1511)
... Removed 27 stack frames]]>
    </failure>
  </testcase> <!-- verfyAddUserUsernameFieldForOnlyAlphaNumeric -->
  <testcase classname="com.hrm.testcases.TC_004_FieldLevelValidations" name="verifyAddUserUsernameFieldValueLimit" time="25.32">
    <failure type="java.lang.AssertionError" message="The following asserts failed:
	expected [true] but found [false],
	expected [true] but found [false],
	expected [true] but found [false],
	expected [true] but found [false],
	expected [true] but found [false],
	expected [true] but found [false]">
      <![CDATA[java.lang.AssertionError: The following asserts failed:
expected [true] but found [false],
expected [true] but found [false],
expected [true] but found [false],
expected [true] but found [false],
expected [true] but found [false],
expected [true] but found [false]
at com.hrm.testcases.TC_004_FieldLevelValidations.verifyAddUserUsernameFieldValueLimit(TC_004_FieldLevelValidations.java:281)
at java.base/java.util.ArrayList.forEach(ArrayList.java:1511)
... Removed 27 stack frames]]>
    </failure>
  </testcase> <!-- verifyAddUserUsernameFieldValueLimit -->
  <testcase classname="com.hrm.testcases.TC_004_FieldLevelValidations" name="verifyLoginWithTwoWrongAttempts" time="6.829">
    <failure type="java.lang.AssertionError" message="The following asserts failed:
	expected [true] but found [false],
	expected [true] but found [false],
	expected [true] but found [false],
	expected [true] but found [false],
	expected [true] but found [false],
	expected [true] but found [false],
	expected [true] but found [false]">
      <![CDATA[java.lang.AssertionError: The following asserts failed:
expected [true] but found [false],
expected [true] but found [false],
expected [true] but found [false],
expected [true] but found [false],
expected [true] but found [false],
expected [true] but found [false],
expected [true] but found [false]
at com.hrm.testcases.TC_004_FieldLevelValidations.verifyLoginWithTwoWrongAttempts(TC_004_FieldLevelValidations.java:52)
at java.base/java.util.ArrayList.forEach(ArrayList.java:1511)
... Removed 27 stack frames]]>
    </failure>
  </testcase> <!-- verifyLoginWithTwoWrongAttempts -->
  <testcase classname="com.hrm.testcases.TC_005_VerifyLogoutModule" name="verifyContentsOfTheUserProfileBtn" time="9.566"/>
  <testcase classname="com.hrm.testcases.TC_005_VerifyLogoutModule" name="verifyLogout" time="12.293"/>
  <testcase classname="com.hrm.testcases.TC_007_VerifyDashboardModule" name="verifyDashboardPageContents" time="10.997"/>
</testsuite> <!-- HrmTest1 -->
